<?xml version="1.0" encoding="UTF-8"?>
<testng-results skipped="0" failed="0" ignored="0" total="1" passed="1">
  <reporter-output>
  </reporter-output>
  <suite name="Default suite" duration-ms="47536" started-at="2020-10-10T21:27:43 IST" finished-at="2020-10-10T21:28:31 IST">
    <groups>
    </groups>
    <test name="Default test" duration-ms="47536" started-at="2020-10-10T21:27:43 IST" finished-at="2020-10-10T21:28:31 IST">
      <class name="com.testCase.AxisBank">
        <test-method status="PASS" signature="test()[pri:0, instance:com.testCase.AxisBank@35d176f7]" name="test" duration-ms="47480" started-at="2020-10-10T21:27:43 IST" finished-at="2020-10-10T21:28:31 IST">
          <reporter-output>
          </reporter-output>
        </test-method> <!-- test -->
      </class> <!-- com.testCase.AxisBank -->
    </test> <!-- Default test -->
  </suite> <!-- Default suite -->
</testng-results>
